<?xml version="1.0" encoding="utf-8"?><testsuites><testsuite name="pytest" errors="0" failures="0" skipped="0" tests="0" time="0.547" timestamp="2021-04-16T15:51:42.112162" hostname="Filips-MacBook-Pro.local" /></testsuites>